<?xml version="1.0" encoding="UTF-8"?>
<!-- Generated by org.testng.reporters.JUnitXMLReporter -->
<testsuite hostname="DESKTOP-V4IQKIM" ignored="2" name="Test" tests="4" failures="0" timestamp="26 Mar 2020 17:39:47 GMT" time="21701.323" errors="0">
  <testcase name="@BeforeMethod PreCondition" time="21694.689" classname="com.acttime.generic.BaseLib">
    <failure type="org.openqa.selenium.WebDriverException" message="Timed out waiting for driver server to start.
Build info: version: &amp;apos;3.141.59&amp;apos;, revision: &amp;apos;e82be7d358&amp;apos;, time: &amp;apos;2018-11-14T08:17:03&amp;apos;
System info: host: &amp;apos;DESKTOP-V4IQKIM&amp;apos;, ip: &amp;apos;192.168.1.15&amp;apos;, os.name: &amp;apos;Windows 10&amp;apos;, os.arch: &amp;apos;amd64&amp;apos;, os.version: &amp;apos;10.0&amp;apos;, java.version: &amp;apos;1.8.0_131&amp;apos;
Driver info: driver.version: ChromeDriver">
      <![CDATA[org.openqa.selenium.WebDriverException: Timed out waiting for driver server to start.
Build info: version: '3.141.59', revision: 'e82be7d358', time: '2018-11-14T08:17:03'
System info: host: 'DESKTOP-V4IQKIM', ip: '192.168.1.15', os.name: 'Windows 10', os.arch: 'amd64', os.version: '10.0', java.version: '1.8.0_131'
Driver info: driver.version: ChromeDriver
at org.openqa.selenium.remote.service.DriverService.waitUntilAvailable(DriverService.java:202)
at org.openqa.selenium.remote.service.DriverService.start(DriverService.java:188)
at org.openqa.selenium.remote.service.DriverCommandExecutor.execute(DriverCommandExecutor.java:79)
at org.openqa.selenium.remote.RemoteWebDriver.execute(RemoteWebDriver.java:552)
at org.openqa.selenium.remote.RemoteWebDriver.startSession(RemoteWebDriver.java:213)
at org.openqa.selenium.remote.RemoteWebDriver.<init>(RemoteWebDriver.java:131)
at org.openqa.selenium.chrome.ChromeDriver.<init>(ChromeDriver.java:181)
at org.openqa.selenium.chrome.ChromeDriver.<init>(ChromeDriver.java:168)
at org.openqa.selenium.chrome.ChromeDriver.<init>(ChromeDriver.java:123)
at com.acttime.generic.BrowserFactory.launchbrowser(BrowserFactory.java:37)
at com.acttime.generic.BaseLib.PreCondition(BaseLib.java:20)
Caused by: org.openqa.selenium.net.UrlChecker$TimeoutException: Timed out waiting for [http://localhost:18344/status] to be available after 20537 ms
at org.openqa.selenium.net.UrlChecker.waitUntilAvailable(UrlChecker.java:100)
at org.openqa.selenium.remote.service.DriverService.waitUntilAvailable(DriverService.java:197)
... 38 more
Caused by: java.util.concurrent.TimeoutException
at java.util.concurrent.FutureTask.get(FutureTask.java:205)
at com.google.common.util.concurrent.SimpleTimeLimiter.callWithTimeout(SimpleTimeLimiter.java:156)
at org.openqa.selenium.net.UrlChecker.waitUntilAvailable(UrlChecker.java:75)
... 39 more
... Removed 28 stack frames]]>
    </failure>
  </testcase> <!-- @BeforeMethod PreCondition -->
  <testcase name="@AfterMethod postCondition" time="0.0" classname="com.acttime.generic.BaseLib">
    <skipped/>
  </testcase> <!-- @AfterMethod postCondition -->
  <testcase name="@BeforeMethod PreCondition" time="0.0" classname="com.acttime.generic.BaseLib">
    <skipped/>
  </testcase> <!-- @BeforeMethod PreCondition -->
  <testcase name="@AfterMethod postCondition" time="0.0" classname="com.acttime.generic.BaseLib">
    <skipped/>
  </testcase> <!-- @AfterMethod postCondition -->
  <testcase name="@BeforeMethod PreCondition" time="0.0" classname="com.acttime.generic.BaseLib">
    <skipped/>
  </testcase> <!-- @BeforeMethod PreCondition -->
  <testcase name="@AfterMethod postCondition" time="0.0" classname="com.acttime.generic.BaseLib">
    <skipped/>
  </testcase> <!-- @AfterMethod postCondition -->
  <testcase name="createCustomer" time="0.0" classname="com.acttime.scripts.TaskTest">
    <skipped/>
  </testcase> <!-- createCustomer -->
  <testcase name="CreateProject" time="0.0" classname="com.acttime.scripts.TaskTest">
    <skipped/>
  </testcase> <!-- CreateProject -->
  <testcase name="CreateTask" time="0.0" classname="com.acttime.scripts.TaskTest">
    <skipped/>
  </testcase> <!-- CreateTask -->
  <testcase name="DeleteTask" time="0.0" classname="com.acttime.scripts.TaskTest">
    <skipped/>
  </testcase> <!-- DeleteTask -->
  <testcase name="DeleteCustomer" time="0.0" classname="com.acttime.scripts.TaskTest">
    <ignored/>
  </testcase> <!-- DeleteCustomer -->
  <testcase name="DeleteProject" time="0.0" classname="com.acttime.scripts.TaskTest">
    <ignored/>
  </testcase> <!-- DeleteProject -->
</testsuite> <!-- Test -->
