<?xml version="1.0" encoding="UTF-8"?>
<!-- Generated by org.testng.reporters.JUnitXMLReporter -->
<testsuite ignored="5" hostname="360NDCLP153" failures="2" tests="13" name="Default test" time="503.635" errors="0" timestamp="2020-12-14T20:02:09 IST">
  <testcase classname="StandardPayinPolicies.Rider" name="createAddRiderPolicyForNewBusinessUsingRazorPay" time="0.184">
    <failure type="java.io.FileNotFoundException" message="E:\eclipse-workspace\practice\SchemeJson_Retail\rider.json (The system cannot find the path specified)">
      <![CDATA[java.io.FileNotFoundException: E:\eclipse-workspace\practice\SchemeJson_Retail\rider.json (The system cannot find the path specified)
at java.base/java.io.FileInputStream.open0(Native Method)
at java.base/java.io.FileInputStream.open(FileInputStream.java:212)
at java.base/java.io.FileInputStream.<init>(FileInputStream.java:154)
at java.base/java.io.FileInputStream.<init>(FileInputStream.java:109)
at java.base/java.io.FileReader.<init>(FileReader.java:60)
at practice.utility.ProposalRequest.riderCode(ProposalRequest.java:918)
at StandardPayinPolicies.Rider.createAddRiderPolicyForNewBusinessUsingRazorPay(Rider.java:53)
at java.base/jdk.internal.reflect.NativeMethodAccessorImpl.invoke0(Native Method)
at java.base/jdk.internal.reflect.NativeMethodAccessorImpl.invoke(NativeMethodAccessorImpl.java:62)
at java.base/jdk.internal.reflect.DelegatingMethodAccessorImpl.invoke(DelegatingMethodAccessorImpl.java:43)
at java.base/java.lang.reflect.Method.invoke(Method.java:564)
at org.testng.internal.MethodInvocationHelper.invokeMethod(MethodInvocationHelper.java:132)
at org.testng.internal.TestInvoker.invokeMethod(TestInvoker.java:599)
at org.testng.internal.TestInvoker.invokeTestMethod(TestInvoker.java:174)
at org.testng.internal.MethodRunner.runInSequence(MethodRunner.java:46)
at org.testng.internal.TestInvoker$MethodInvocationAgent.invoke(TestInvoker.java:822)
at org.testng.internal.TestInvoker.invokeTestMethods(TestInvoker.java:147)
at org.testng.internal.TestMethodWorker.invokeTestMethods(TestMethodWorker.java:146)
at org.testng.internal.TestMethodWorker.run(TestMethodWorker.java:128)
at java.base/java.util.ArrayList.forEach(ArrayList.java:1511)
at org.testng.TestRunner.privateRun(TestRunner.java:764)
at org.testng.TestRunner.run(TestRunner.java:585)
at org.testng.SuiteRunner.runTest(SuiteRunner.java:384)
at org.testng.SuiteRunner.runSequentially(SuiteRunner.java:378)
at org.testng.SuiteRunner.privateRun(SuiteRunner.java:337)
at org.testng.SuiteRunner.run(SuiteRunner.java:286)
at org.testng.SuiteRunnerWorker.runSuite(SuiteRunnerWorker.java:53)
at org.testng.SuiteRunnerWorker.run(SuiteRunnerWorker.java:96)
at org.testng.TestNG.runSuitesSequentially(TestNG.java:1218)
at org.testng.TestNG.runSuitesLocally(TestNG.java:1140)
at org.testng.TestNG.runSuites(TestNG.java:1069)
at org.testng.TestNG.run(TestNG.java:1037)
at org.testng.remote.AbstractRemoteTestNG.run(AbstractRemoteTestNG.java:115)
at org.testng.remote.RemoteTestNG.initAndRun(RemoteTestNG.java:251)
at org.testng.remote.RemoteTestNG.main(RemoteTestNG.java:77)
]]>
    </failure>
  </testcase> <!-- createAddRiderPolicyForNewBusinessUsingRazorPay -->
  <testcase classname="StandardPayinPolicies.Rider" name="SurrenderRiderPolicyForNewBusinessUsingRazorPay" time="0.002">
    <failure type="java.io.FileNotFoundException" message="E:\eclipse-workspace\practice\SchemeJson_Retail\rider.json (The system cannot find the path specified)">
      <![CDATA[java.io.FileNotFoundException: E:\eclipse-workspace\practice\SchemeJson_Retail\rider.json (The system cannot find the path specified)
at java.base/java.io.FileInputStream.open0(Native Method)
at java.base/java.io.FileInputStream.open(FileInputStream.java:212)
at java.base/java.io.FileInputStream.<init>(FileInputStream.java:154)
at java.base/java.io.FileInputStream.<init>(FileInputStream.java:109)
at java.base/java.io.FileReader.<init>(FileReader.java:60)
at practice.utility.ProposalRequest.SurrenderRiderCode(ProposalRequest.java:808)
at StandardPayinPolicies.Rider.SurrenderRiderPolicyForNewBusinessUsingRazorPay(Rider.java:236)
at java.base/jdk.internal.reflect.NativeMethodAccessorImpl.invoke0(Native Method)
at java.base/jdk.internal.reflect.NativeMethodAccessorImpl.invoke(NativeMethodAccessorImpl.java:62)
at java.base/jdk.internal.reflect.DelegatingMethodAccessorImpl.invoke(DelegatingMethodAccessorImpl.java:43)
at java.base/java.lang.reflect.Method.invoke(Method.java:564)
at org.testng.internal.MethodInvocationHelper.invokeMethod(MethodInvocationHelper.java:132)
at org.testng.internal.TestInvoker.invokeMethod(TestInvoker.java:599)
at org.testng.internal.TestInvoker.invokeTestMethod(TestInvoker.java:174)
at org.testng.internal.MethodRunner.runInSequence(MethodRunner.java:46)
at org.testng.internal.TestInvoker$MethodInvocationAgent.invoke(TestInvoker.java:822)
at org.testng.internal.TestInvoker.invokeTestMethods(TestInvoker.java:147)
at org.testng.internal.TestMethodWorker.invokeTestMethods(TestMethodWorker.java:146)
at org.testng.internal.TestMethodWorker.run(TestMethodWorker.java:128)
at java.base/java.util.ArrayList.forEach(ArrayList.java:1511)
at org.testng.TestRunner.privateRun(TestRunner.java:764)
at org.testng.TestRunner.run(TestRunner.java:585)
at org.testng.SuiteRunner.runTest(SuiteRunner.java:384)
at org.testng.SuiteRunner.runSequentially(SuiteRunner.java:378)
at org.testng.SuiteRunner.privateRun(SuiteRunner.java:337)
at org.testng.SuiteRunner.run(SuiteRunner.java:286)
at org.testng.SuiteRunnerWorker.runSuite(SuiteRunnerWorker.java:53)
at org.testng.SuiteRunnerWorker.run(SuiteRunnerWorker.java:96)
at org.testng.TestNG.runSuitesSequentially(TestNG.java:1218)
at org.testng.TestNG.runSuitesLocally(TestNG.java:1140)
at org.testng.TestNG.runSuites(TestNG.java:1069)
at org.testng.TestNG.run(TestNG.java:1037)
at org.testng.remote.AbstractRemoteTestNG.run(AbstractRemoteTestNG.java:115)
at org.testng.remote.RemoteTestNG.initAndRun(RemoteTestNG.java:251)
at org.testng.remote.RemoteTestNG.main(RemoteTestNG.java:77)
]]>
    </failure>
  </testcase> <!-- SurrenderRiderPolicyForNewBusinessUsingRazorPay -->
  <testcase classname="StandardPayinPolicies.Rider" name="verifyPaymentEventsRazorpaySR" time="0.0">
    <skipped/>
  </testcase> <!-- verifyPaymentEventsRazorpaySR -->
  <testcase classname="StandardPayinPolicies.Rider" name="verifyVendorCodeNotEmptySR" time="46.981"/>
  <testcase classname="StandardPayinPolicies.Rider" name="verifyMandatoryFieldsInPaymentRequestSR" time="44.088"/>
  <testcase classname="StandardPayinPolicies.Rider" name="verifyRequestAmountCannotZeroForCCSIMandateTypeSR" time="37.543"/>
  <testcase classname="StandardPayinPolicies.Rider" name="verifyRequestAmountCannotGreaterThanZeroForeMandateTypeSR" time="37.347"/>
  <testcase classname="StandardPayinPolicies.Rider" name="SurrenderPolicyForNewBusinessUsingRazorPay" time="169.346"/>
  <testcase classname="StandardPayinPolicies.Rider" name="verifyPaymentEventsRazorpaySP" time="5.635"/>
  <testcase classname="StandardPayinPolicies.Rider" name="verifyVendorCodeNotEmptySP" time="43.877"/>
  <testcase classname="StandardPayinPolicies.Rider" name="verifyMandatoryFieldsInPaymentRequestSP" time="43.862"/>
  <testcase classname="StandardPayinPolicies.Rider" name="verifyRequestAmountCannotZeroForCCSIMandateTypeSP" time="37.472"/>
  <testcase classname="StandardPayinPolicies.Rider" name="verifyRequestAmountCannotGreaterThanZeroForeMandateTypeSP" time="37.19"/>
  <testcase classname="StandardPayinPolicies.Rider" name="verifyMandatoryFieldsInPaymentRequest" time="0.0">
    <ignored/>
  </testcase> <!-- verifyMandatoryFieldsInPaymentRequest -->
  <testcase classname="StandardPayinPolicies.Rider" name="verifyRequestAmountCannotGreaterThanZeroForeMandateType" time="0.0">
    <ignored/>
  </testcase> <!-- verifyRequestAmountCannotGreaterThanZeroForeMandateType -->
  <testcase classname="StandardPayinPolicies.Rider" name="verifyPaymentEventsRazorpay" time="0.0">
    <ignored/>
  </testcase> <!-- verifyPaymentEventsRazorpay -->
  <testcase classname="StandardPayinPolicies.Rider" name="verifyVendorCodeNotEmpty" time="0.0">
    <ignored/>
  </testcase> <!-- verifyVendorCodeNotEmpty -->
  <testcase classname="StandardPayinPolicies.Rider" name="verifyRequestAmountCannotZeroForCCSIMandateType" time="0.0">
    <ignored/>
  </testcase> <!-- verifyRequestAmountCannotZeroForCCSIMandateType -->
</testsuite> <!-- Default test -->
