<html>
<head>
<title>TestNG:  Default test</title>
<link href="../testng.css" rel="stylesheet" type="text/css" />
<link href="../my-testng.css" rel="stylesheet" type="text/css" />

<style type="text/css">
.log { display: none;} 
.stack-trace { display: none;} 
</style>
<script type="text/javascript">
<!--
function flip(e) {
  current = e.style.display;
  if (current == 'block') {
    e.style.display = 'none';
    return 0;
  }
  else {
    e.style.display = 'block';
    return 1;
  }
}

function toggleBox(szDivId, elem, msg1, msg2)
{
  var res = -1;  if (document.getElementById) {
    res = flip(document.getElementById(szDivId));
  }
  else if (document.all) {
    // this is the way old msie versions work
    res = flip(document.all[szDivId]);
  }
  if(elem) {
    if(res == 0) elem.innerHTML = msg1; else elem.innerHTML = msg2;
  }

}

function toggleAllBoxes() {
  if (document.getElementsByTagName) {
    d = document.getElementsByTagName('div');
    for (i = 0; i < d.length; i++) {
      if (d[i].className == 'log') {
        flip(d[i]);
      }
    }
  }
}

// -->
</script>

</head>
<body>
<h2 align='center'>Default test</h2><table border='1' align="center">
<tr>
<td>Tests passed/Failed/Skipped:</td><td>10/2/1</td>
</tr><tr>
<td>Started on:</td><td>Mon Dec 14 19:53:45 IST 2020</td>
</tr>
<tr><td>Total time:</td><td>503 seconds (503635 ms)</td>
</tr><tr>
<td>Included groups:</td><td></td>
</tr><tr>
<td>Excluded groups:</td><td></td>
</tr>
</table><p/>
<small><i>(Hover the method name to see the test class name)</i></small><p/>
<table width='100%' border='1' class='invocation-failed'>
<tr><td colspan='4' align='center'><b>FAILED TESTS</b></td></tr>
<tr><td><b>Test method</b></td>
<td width="30%"><b>Exception</b></td>
<td width="10%"><b>Time (seconds)</b></td>
<td><b>Instance</b></td>
</tr>
<tr>
<td title='StandardPayinPolicies.Rider.SurrenderRiderPolicyForNewBusinessUsingRazorPay()'><b>SurrenderRiderPolicyForNewBusinessUsingRazorPay</b><br>Test class: StandardPayinPolicies.Rider<br>Test method: Create Add Rider Policy<br/>
<a href="#Output-384515747" onClick='toggleBox("Output-384515747", this, "Show output", "Hide output");'>Show output</a>

<a href="#Output-384515747" onClick="toggleAllBoxes();">Show all outputs</a>
<div class='log' id="Output-384515747">
<p>
******** Test Scenario  :  Create Add Rider Policy in Inforce State ******
</p><br/>
</div>
</td>
<td><div><pre>java.io.FileNotFoundException: E:\eclipse-workspace\practice\SchemeJson_Retail\rider.json (The system cannot find the path specified)
	at java.base/java.io.FileInputStream.open0(Native Method)
	at java.base/java.io.FileInputStream.open(FileInputStream.java:212)
	at java.base/java.io.FileInputStream.&lt;init&gt;(FileInputStream.java:154)
	at java.base/java.io.FileInputStream.&lt;init&gt;(FileInputStream.java:109)
	at java.base/java.io.FileReader.&lt;init&gt;(FileReader.java:60)
	at practice.utility.ProposalRequest.SurrenderRiderCode(ProposalRequest.java:808)
	at StandardPayinPolicies.Rider.SurrenderRiderPolicyForNewBusinessUsingRazorPay(Rider.java:236)
	at java.base/jdk.internal.reflect.NativeMethodAccessorImpl.invoke0(Native Method)
	at java.base/jdk.internal.reflect.NativeMethodAccessorImpl.invoke(NativeMethodAccessorImpl.java:62)
	at java.base/jdk.internal.reflect.DelegatingMethodAccessorImpl.invoke(DelegatingMethodAccessorImpl.java:43)
	at java.base/java.lang.reflect.Method.invoke(Method.java:564)
	at org.testng.internal.MethodInvocationHelper.invokeMethod(MethodInvocationHelper.java:132)
	at org.testng.internal.TestInvoker.invokeMethod(TestInvoker.java:599)
	at org.testng.internal.TestInvoker.invokeTestMethod(TestInvoker.java:174)
	at org.testng.internal.MethodRunner.runInSequence(MethodRunner.java:46)
	at org.testng.internal.TestInvoker$MethodInvocationAgent.invoke(TestInvoker.java:822)
	at org.testng.internal.TestInvoker.invokeTestMethods(TestInvoker.java:147)
	at org.testng.internal.TestMethodWorker.invokeTestMethods(TestMethodWorker.java:146)
	at org.testng.internal.TestMethodWorker.run(TestMethodWorker.java:128)
	at java.base/java.util.ArrayList.forEach(ArrayList.java:1511)
	at org.testng.TestRunner.privateRun(TestRunner.java:764)
	at org.testng.TestRunner.run(TestRunner.java:585)
	at org.testng.SuiteRunner.runTest(SuiteRunner.java:384)
	at org.testng.SuiteRunner.runSequentially(SuiteRunner.java:378)
	at org.testng.SuiteRunner.privateRun(SuiteRunner.java:337)
	at org.testng.SuiteRunner.run(SuiteRunner.java:286)
	at org.testng.SuiteRunnerWorker.runSuite(SuiteRunnerWorker.java:53)
	at org.testng.SuiteRunnerWorker.run(SuiteRunnerWorker.java:96)
	at org.testng.TestNG.runSuitesSequentially(TestNG.java:1218)
	at org.testng.TestNG.runSuitesLocally(TestNG.java:1140)
	at org.testng.TestNG.runSuites(TestNG.java:1069)
	at org.testng.TestNG.run(TestNG.java:1037)
	at org.testng.remote.AbstractRemoteTestNG.run(AbstractRemoteTestNG.java:115)
	at org.testng.remote.RemoteTestNG.initAndRun(RemoteTestNG.java:251)
	at org.testng.remote.RemoteTestNG.main(RemoteTestNG.java:77)
</pre></div><a href='#' onClick='toggleBox("stack-trace384515747", this, "Click to show all stack frames", "Click to hide stack frames")'>Click to show all stack frames</a>
<div class='stack-trace' id='stack-trace384515747'><pre>java.io.FileNotFoundException: E:\eclipse-workspace\practice\SchemeJson_Retail\rider.json (The system cannot find the path specified)
	at java.base/java.io.FileInputStream.open0(Native Method)
	at java.base/java.io.FileInputStream.open(FileInputStream.java:212)
	at java.base/java.io.FileInputStream.&lt;init&gt;(FileInputStream.java:154)
	at java.base/java.io.FileInputStream.&lt;init&gt;(FileInputStream.java:109)
	at java.base/java.io.FileReader.&lt;init&gt;(FileReader.java:60)
	at practice.utility.ProposalRequest.SurrenderRiderCode(ProposalRequest.java:808)
	at StandardPayinPolicies.Rider.SurrenderRiderPolicyForNewBusinessUsingRazorPay(Rider.java:236)
	at java.base/jdk.internal.reflect.NativeMethodAccessorImpl.invoke0(Native Method)
	at java.base/jdk.internal.reflect.NativeMethodAccessorImpl.invoke(NativeMethodAccessorImpl.java:62)
	at java.base/jdk.internal.reflect.DelegatingMethodAccessorImpl.invoke(DelegatingMethodAccessorImpl.java:43)
	at java.base/java.lang.reflect.Method.invoke(Method.java:564)
	at org.testng.internal.MethodInvocationHelper.invokeMethod(MethodInvocationHelper.java:132)
	at org.testng.internal.TestInvoker.invokeMethod(TestInvoker.java:599)
	at org.testng.internal.TestInvoker.invokeTestMethod(TestInvoker.java:174)
	at org.testng.internal.MethodRunner.runInSequence(MethodRunner.java:46)
	at org.testng.internal.TestInvoker$MethodInvocationAgent.invoke(TestInvoker.java:822)
	at org.testng.internal.TestInvoker.invokeTestMethods(TestInvoker.java:147)
	at org.testng.internal.TestMethodWorker.invokeTestMethods(TestMethodWorker.java:146)
	at org.testng.internal.TestMethodWorker.run(TestMethodWorker.java:128)
	at java.base/java.util.ArrayList.forEach(ArrayList.java:1511)
	at org.testng.TestRunner.privateRun(TestRunner.java:764)
	at org.testng.TestRunner.run(TestRunner.java:585)
	at org.testng.SuiteRunner.runTest(SuiteRunner.java:384)
	at org.testng.SuiteRunner.runSequentially(SuiteRunner.java:378)
	at org.testng.SuiteRunner.privateRun(SuiteRunner.java:337)
	at org.testng.SuiteRunner.run(SuiteRunner.java:286)
	at org.testng.SuiteRunnerWorker.runSuite(SuiteRunnerWorker.java:53)
	at org.testng.SuiteRunnerWorker.run(SuiteRunnerWorker.java:96)
	at org.testng.TestNG.runSuitesSequentially(TestNG.java:1218)
	at org.testng.TestNG.runSuitesLocally(TestNG.java:1140)
	at org.testng.TestNG.runSuites(TestNG.java:1069)
	at org.testng.TestNG.run(TestNG.java:1037)
	at org.testng.remote.AbstractRemoteTestNG.run(AbstractRemoteTestNG.java:115)
	at org.testng.remote.RemoteTestNG.initAndRun(RemoteTestNG.java:251)
	at org.testng.remote.RemoteTestNG.main(RemoteTestNG.java:77)
</pre></div></td>
<td>0</td>
<td>StandardPayinPolicies.Rider@2b48a640</td></tr>
<tr>
<td title='StandardPayinPolicies.Rider.createAddRiderPolicyForNewBusinessUsingRazorPay()'><b>createAddRiderPolicyForNewBusinessUsingRazorPay</b><br>Test class: StandardPayinPolicies.Rider<br>Test method: Create Add Rider Policy<br/>
<a href="#Output-2075809815" onClick='toggleBox("Output-2075809815", this, "Show output", "Hide output");'>Show output</a>

<a href="#Output-2075809815" onClick="toggleAllBoxes();">Show all outputs</a>
<div class='log' id="Output-2075809815">
<p>
******** Test Scenario  :  Create Add Rider Policy in Inforce State ******
</p><br/>
</div>
</td>
<td><div><pre>java.io.FileNotFoundException: E:\eclipse-workspace\practice\SchemeJson_Retail\rider.json (The system cannot find the path specified)
	at java.base/java.io.FileInputStream.open0(Native Method)
	at java.base/java.io.FileInputStream.open(FileInputStream.java:212)
	at java.base/java.io.FileInputStream.&lt;init&gt;(FileInputStream.java:154)
	at java.base/java.io.FileInputStream.&lt;init&gt;(FileInputStream.java:109)
	at java.base/java.io.FileReader.&lt;init&gt;(FileReader.java:60)
	at practice.utility.ProposalRequest.riderCode(ProposalRequest.java:918)
	at StandardPayinPolicies.Rider.createAddRiderPolicyForNewBusinessUsingRazorPay(Rider.java:53)
	at java.base/jdk.internal.reflect.NativeMethodAccessorImpl.invoke0(Native Method)
	at java.base/jdk.internal.reflect.NativeMethodAccessorImpl.invoke(NativeMethodAccessorImpl.java:62)
	at java.base/jdk.internal.reflect.DelegatingMethodAccessorImpl.invoke(DelegatingMethodAccessorImpl.java:43)
	at java.base/java.lang.reflect.Method.invoke(Method.java:564)
	at org.testng.internal.MethodInvocationHelper.invokeMethod(MethodInvocationHelper.java:132)
	at org.testng.internal.TestInvoker.invokeMethod(TestInvoker.java:599)
	at org.testng.internal.TestInvoker.invokeTestMethod(TestInvoker.java:174)
	at org.testng.internal.MethodRunner.runInSequence(MethodRunner.java:46)
	at org.testng.internal.TestInvoker$MethodInvocationAgent.invoke(TestInvoker.java:822)
	at org.testng.internal.TestInvoker.invokeTestMethods(TestInvoker.java:147)
	at org.testng.internal.TestMethodWorker.invokeTestMethods(TestMethodWorker.java:146)
	at org.testng.internal.TestMethodWorker.run(TestMethodWorker.java:128)
	at java.base/java.util.ArrayList.forEach(ArrayList.java:1511)
	at org.testng.TestRunner.privateRun(TestRunner.java:764)
	at org.testng.TestRunner.run(TestRunner.java:585)
	at org.testng.SuiteRunner.runTest(SuiteRunner.java:384)
	at org.testng.SuiteRunner.runSequentially(SuiteRunner.java:378)
	at org.testng.SuiteRunner.privateRun(SuiteRunner.java:337)
	at org.testng.SuiteRunner.run(SuiteRunner.java:286)
	at org.testng.SuiteRunnerWorker.runSuite(SuiteRunnerWorker.java:53)
	at org.testng.SuiteRunnerWorker.run(SuiteRunnerWorker.java:96)
	at org.testng.TestNG.runSuitesSequentially(TestNG.java:1218)
	at org.testng.TestNG.runSuitesLocally(TestNG.java:1140)
	at org.testng.TestNG.runSuites(TestNG.java:1069)
	at org.testng.TestNG.run(TestNG.java:1037)
	at org.testng.remote.AbstractRemoteTestNG.run(AbstractRemoteTestNG.java:115)
	at org.testng.remote.RemoteTestNG.initAndRun(RemoteTestNG.java:251)
	at org.testng.remote.RemoteTestNG.main(RemoteTestNG.java:77)
</pre></div><a href='#' onClick='toggleBox("stack-trace2075809815", this, "Click to show all stack frames", "Click to hide stack frames")'>Click to show all stack frames</a>
<div class='stack-trace' id='stack-trace2075809815'><pre>java.io.FileNotFoundException: E:\eclipse-workspace\practice\SchemeJson_Retail\rider.json (The system cannot find the path specified)
	at java.base/java.io.FileInputStream.open0(Native Method)
	at java.base/java.io.FileInputStream.open(FileInputStream.java:212)
	at java.base/java.io.FileInputStream.&lt;init&gt;(FileInputStream.java:154)
	at java.base/java.io.FileInputStream.&lt;init&gt;(FileInputStream.java:109)
	at java.base/java.io.FileReader.&lt;init&gt;(FileReader.java:60)
	at practice.utility.ProposalRequest.riderCode(ProposalRequest.java:918)
	at StandardPayinPolicies.Rider.createAddRiderPolicyForNewBusinessUsingRazorPay(Rider.java:53)
	at java.base/jdk.internal.reflect.NativeMethodAccessorImpl.invoke0(Native Method)
	at java.base/jdk.internal.reflect.NativeMethodAccessorImpl.invoke(NativeMethodAccessorImpl.java:62)
	at java.base/jdk.internal.reflect.DelegatingMethodAccessorImpl.invoke(DelegatingMethodAccessorImpl.java:43)
	at java.base/java.lang.reflect.Method.invoke(Method.java:564)
	at org.testng.internal.MethodInvocationHelper.invokeMethod(MethodInvocationHelper.java:132)
	at org.testng.internal.TestInvoker.invokeMethod(TestInvoker.java:599)
	at org.testng.internal.TestInvoker.invokeTestMethod(TestInvoker.java:174)
	at org.testng.internal.MethodRunner.runInSequence(MethodRunner.java:46)
	at org.testng.internal.TestInvoker$MethodInvocationAgent.invoke(TestInvoker.java:822)
	at org.testng.internal.TestInvoker.invokeTestMethods(TestInvoker.java:147)
	at org.testng.internal.TestMethodWorker.invokeTestMethods(TestMethodWorker.java:146)
	at org.testng.internal.TestMethodWorker.run(TestMethodWorker.java:128)
	at java.base/java.util.ArrayList.forEach(ArrayList.java:1511)
	at org.testng.TestRunner.privateRun(TestRunner.java:764)
	at org.testng.TestRunner.run(TestRunner.java:585)
	at org.testng.SuiteRunner.runTest(SuiteRunner.java:384)
	at org.testng.SuiteRunner.runSequentially(SuiteRunner.java:378)
	at org.testng.SuiteRunner.privateRun(SuiteRunner.java:337)
	at org.testng.SuiteRunner.run(SuiteRunner.java:286)
	at org.testng.SuiteRunnerWorker.runSuite(SuiteRunnerWorker.java:53)
	at org.testng.SuiteRunnerWorker.run(SuiteRunnerWorker.java:96)
	at org.testng.TestNG.runSuitesSequentially(TestNG.java:1218)
	at org.testng.TestNG.runSuitesLocally(TestNG.java:1140)
	at org.testng.TestNG.runSuites(TestNG.java:1069)
	at org.testng.TestNG.run(TestNG.java:1037)
	at org.testng.remote.AbstractRemoteTestNG.run(AbstractRemoteTestNG.java:115)
	at org.testng.remote.RemoteTestNG.initAndRun(RemoteTestNG.java:251)
	at org.testng.remote.RemoteTestNG.main(RemoteTestNG.java:77)
</pre></div></td>
<td>0</td>
<td>StandardPayinPolicies.Rider@2b48a640</td></tr>
</table><p>
<table width='100%' border='1' class='invocation-passed'>
<tr><td colspan='4' align='center'><b>PASSED TESTS</b></td></tr>
<tr><td><b>Test method</b></td>
<td width="30%"><b>Exception</b></td>
<td width="10%"><b>Time (seconds)</b></td>
<td><b>Instance</b></td>
</tr>
<tr>
<td title='StandardPayinPolicies.Rider.SurrenderPolicyForNewBusinessUsingRazorPay()'><b>SurrenderPolicyForNewBusinessUsingRazorPay</b><br>Test class: StandardPayinPolicies.Rider<br>Test method: Create Add Rider Policy<br/>
<a href="#Output-2001512216" onClick='toggleBox("Output-2001512216", this, "Show output", "Hide output");'>Show output</a>

<a href="#Output-2001512216" onClick="toggleAllBoxes();">Show all outputs</a>
<div class='log' id="Output-2001512216">
<p>
******** Test Scenario  :  Create Add Rider Policy in Inforce State ******
</p><br/>
<p>
++++++++++ CODE method of Create Sample data for policy  ++++++++++
</p><br/>
<p>
***** Sample data for USER & POLICY HOLDER Started *****
</p><br/>
<p>
 Sample user name created for user 
</p><br/>
<p>
 Sample partyrefid created for user 
</p><br/>
<p>
 Sample mobile No created for user 
</p><br/>
<p>
 Sample DOB created for user 
</p><br/>
<p>
 Sample email ID created for user 
</p><br/>
<p>
 Sample PAN card created for user 
</p><br/>
<p>
 Sample user name created for policy holder 
</p><br/>
<p>
 Sample partyrefid created for policy Holder 
</p><br/>
<p>
 Sample mobile number created for policy holder 
</p><br/>
<p>
 Sample DOB created for policy holder 
</p><br/>
<p>
 Sample policy holder identityInfo created 
</p><br/>
<p>
 Sample PAN card created for policy holder 
</p><br/>
<p>
 policy number created 
</p><br/>
<p>
 policy purchaseDateTime created 
</p><br/>
<p>
 policy startDateTime created 
</p><br/>
<p>
 policy dispatchDateTime created 
</p><br/>
<p>
***** Sample Data for policy created *****
</p><br/>
<p>Status     : 200</p><br/>
<p>Response   : {"code":"PROP100","desc":"Proposal Accepted","errorMessage":null}</p><br/>
<p>*********************Get Policy Payment amt for NB.**********************************</p><br/>
<p>
***** To get installment Premium from getNBQuotation API method Started *****
</p><br/>
<p>Amount to pay : 615.0</p><br/>
<p>
 installment Premium Returned *****
</p><br/>
<p>*********************Payment initiate.**********************************</p><br/>
<p>status code   :200</p><br/>
<p>Initiate Payment response body	: {"payment":{"id":262621,"businessId":"NBTR1412200000262621","paymentDateTime":null,"amount":1115.0,"vendorPayment":{"vendorCode":"RAZORPAY","vendorOrderId":"order_GCx3c5ZvcVH6ES","paymentId":null},"status":"INITIATED","paymentMode":null,"receiptDocId":null,"pasUpdatedOn":null,"card":null,"cheque":null,"demandDraft":null,"fundTransfer":null,"micrNumber":null,"ifscCode":null,"bankName":null,"userId":"SYSTEM","branchName":null,"branchCode":null,"transactionId":null,"processInstanceId":null,"accountNumber":null,"paymentMethod":"PAYMENTGATEWAY"},"payer":{"id":253092,"name":"Test User","email":"ankitk@360logica.com","mobileNumber":"6660060198","policyNumber":"ALI0QAP13673456","vendorPayer":{"vendorCode":"RAZORPAY","payerId":"cust_EpvAB2ochO5IEb"},"status":null},"bill":{"id":350737,"policyNumber":"ALI0QAP13673456","dueDate":"2020-12-24","amount":1115.0,"type":"NB","status":"GENERATED","product":{"type":"Term","schemeCode":"ARMP0000111"},"businessId":"NBORALI0QAP1367345600350737","amountPayable":1115.0,"serviceRequestId":null,"createdOn":"2020-12-14"},"receiptDocUrl":null,"anyTimeSiRegistered":false}</p><br/>
<p>Status Code						: 200</p><br/>
<p>Payment initiated.</p><br/>
<p>*********Get Mandate Status for Policy Number.*******************</p><br/>
<p>*********************Payment checkout for New Business (NB).**********************************</p><br/>
<p>Selected Payment Type is Card.</p><br/>
<p>*********************Verify Payment Info for New Business (NB).**********************************</p><br/>
<p>Final Payment done.</p><br/>
<p>response of payment info	: {"paymentModeDescription":"Card","vendorOrderId":"order_GCx3c5ZvcVH6ES","dueDate":"2020-12-24","businessId":"NBTR1412200000262621","policyNumber":"ALI0QAP13673456","ddDate":null,"bankName":null,"ddNumber":null,"chequeNumber":null,"createdOn":"2020-12-14","isMandateRegistered":true,"paymentType":"New Business","vendorCode":"RAZORPAY","ddType":null,"id":262621,"processInstanceId":null,"amount":1115.0,"paymentReceivedDate":"2020-12-14T14:24:59.000+0000","paymentMode":"cc","branchName":null,"receiptDocId":null,"chequeDate":null,"branchCode":null,"chequeType":null,"billBusinessId":"NBORALI0QAP1367345600350737","vendorTransactionId":"pay_GCx4XRNiLxz9EE","status":"SUCCESSFUL"}</p><br/>
<p>Manadte Registration is : true</p><br/>
<p>Payment Mode, Due Date and Amount values are	: Card || 2020-12-24 || 1115.0</p><br/>
<p>verify Policy is in 'INFORCE' Status for Standard decision=>ALI0QAP13673456</p><br/>
<p>GET -> Policy Number : The status code is: 200</p><br/>
<p>Policy status : INFORCE</p><br/>
<p>***********Check Suspense entry for NB type.************</p><br/>
<p>Suspense done.</p><br/>
<p>[{"policyNumber":"ALI0QAP13673456","amount":0.00,"suspenseType":"NB"},{"policyNumber":"ALI0QAP13673456","amount":500.00,"suspenseType":"RENEWAL"},{"policyNumber":"ALI0QAP13673456","amount":0,"suspenseType":"PAYOUT"},{"policyNumber":"ALI0QAP13673456","amount":0,"suspenseType":"REINSTATEMENT"},{"policyNumber":"ALI0QAP13673456","amount":0,"suspenseType":"AR"}]</p><br/>
<p>Suspense Status : 0.0 || 500.0 || 0.0 || 0.0 || 0</p><br/>
</div>
</td>
<td></td>
<td>169</td>
<td>StandardPayinPolicies.Rider@2b48a640</td></tr>
<tr>
<td title='StandardPayinPolicies.Rider.verifyMandatoryFieldsInPaymentRequestSP()'><b>verifyMandatoryFieldsInPaymentRequestSP</b><br>Test class: StandardPayinPolicies.Rider<br>Test method: TC to verify mobileNumber and email mandatory in payment request if vendor code is RAZORPAY<br/>
<a href="#Output-1011204018" onClick='toggleBox("Output-1011204018", this, "Show output", "Hide output");'>Show output</a>

<a href="#Output-1011204018" onClick="toggleAllBoxes();">Show all outputs</a>
<div class='log' id="Output-1011204018">
<p>
******** Test Scenario : Verify mobile Number and email mandatory in payment request if vendor code is RAZORPAY.**********
</p><br/>
<p>Status     : 200</p><br/>
<p>Response   : {"code":"PROP100","desc":"Proposal Accepted","errorMessage":null}</p><br/>
<p>*********************Get Policy Payment amt for NB.**********************************</p><br/>
<p>
***** To get installment Premium from getNBQuotation API method Started *****
</p><br/>
<p>Amount to pay : 461.0</p><br/>
<p>
 installment Premium Returned *****
</p><br/>
<p>*********************Payment initiate.**********************************</p><br/>
<p>status code   :400</p><br/>
<p>Initiate Payment response body	: {"status":"FAILED","errors":[{"code":"SPG402","message":"Email or MobileNumber can not be empty"}]}</p><br/>
</div>
</td>
<td></td>
<td>43</td>
<td>StandardPayinPolicies.Rider@2b48a640</td></tr>
<tr>
<td title='StandardPayinPolicies.Rider.verifyMandatoryFieldsInPaymentRequestSR()'><b>verifyMandatoryFieldsInPaymentRequestSR</b><br>Test class: StandardPayinPolicies.Rider<br>Test method: TC to verify mobileNumber and email mandatory in payment request if vendor code is RAZORPAY<br/>
<a href="#Output-1293635489" onClick='toggleBox("Output-1293635489", this, "Show output", "Hide output");'>Show output</a>

<a href="#Output-1293635489" onClick="toggleAllBoxes();">Show all outputs</a>
<div class='log' id="Output-1293635489">
<p>
******** Test Scenario : Verify mobile Number and email mandatory in payment request if vendor code is RAZORPAY.**********
</p><br/>
<p>Status     : 200</p><br/>
<p>Response   : {"code":"PROP100","desc":"Proposal Accepted","errorMessage":null}</p><br/>
<p>*********************Get Policy Payment amt for NB.**********************************</p><br/>
<p>
***** To get installment Premium from getNBQuotation API method Started *****
</p><br/>
<p>Amount to pay : 566.0</p><br/>
<p>
 installment Premium Returned *****
</p><br/>
<p>*********************Payment initiate.**********************************</p><br/>
<p>status code   :400</p><br/>
<p>Initiate Payment response body	: {"status":"FAILED","errors":[{"code":"SPG402","message":"Email or MobileNumber can not be empty"}]}</p><br/>
</div>
</td>
<td></td>
<td>44</td>
<td>StandardPayinPolicies.Rider@2b48a640</td></tr>
<tr>
<td title='StandardPayinPolicies.Rider.verifyPaymentEventsRazorpaySP()'><b>verifyPaymentEventsRazorpaySP</b><br>Test class: StandardPayinPolicies.Rider<br>Test method: TC - To verify dynamodb events for Razorpay Payin<br/>
<a href="#Output-1303227191" onClick='toggleBox("Output-1303227191", this, "Show output", "Hide output");'>Show output</a>

<a href="#Output-1303227191" onClick="toggleAllBoxes();">Show all outputs</a>
<div class='log' id="Output-1303227191">
<p>*************Check events in dynamodb.************</p><br/>
</div>
</td>
<td></td>
<td>5</td>
<td>StandardPayinPolicies.Rider@2b48a640</td></tr>
<tr>
<td title='StandardPayinPolicies.Rider.verifyRequestAmountCannotGreaterThanZeroForeMandateTypeSP()'><b>verifyRequestAmountCannotGreaterThanZeroForeMandateTypeSP</b><br>Test class: StandardPayinPolicies.Rider<br>Test method: TC to verify Error throws when mandate type eMandate Payment and payment amount is greater than zero.<br/>
<a href="#Output-321932581" onClick='toggleBox("Output-321932581", this, "Show output", "Hide output");'>Show output</a>

<a href="#Output-321932581" onClick="toggleAllBoxes();">Show all outputs</a>
<div class='log' id="Output-321932581">
<p>
******** Test Scenario  :  Verify Error throws when mandate type eMandate Payment and payment amount is greater than zero.**********
</p><br/>
<p>Status     : 200</p><br/>
<p>Response   : {"code":"PROP100","desc":"Proposal Accepted","errorMessage":null}</p><br/>
<p>*********************Set Policy Payment amt Zero.**********************************</p><br/>
<p>*********************Payment initiate.**********************************</p><br/>
<p>status code   :400</p><br/>
<p>Initiate Payment response body	: {"status":"FAILED","errors":[{"code":null,"message":"E-mandate amount should be INR 0."}]}</p><br/>
</div>
</td>
<td></td>
<td>37</td>
<td>StandardPayinPolicies.Rider@2b48a640</td></tr>
<tr>
<td title='StandardPayinPolicies.Rider.verifyRequestAmountCannotGreaterThanZeroForeMandateTypeSR()'><b>verifyRequestAmountCannotGreaterThanZeroForeMandateTypeSR</b><br>Test class: StandardPayinPolicies.Rider<br>Test method: TC to verify Error throws when mandate type eMandate Payment and payment amount is greater than zero.<br/>
<a href="#Output-1079128158" onClick='toggleBox("Output-1079128158", this, "Show output", "Hide output");'>Show output</a>

<a href="#Output-1079128158" onClick="toggleAllBoxes();">Show all outputs</a>
<div class='log' id="Output-1079128158">
<p>
******** Test Scenario  :  Verify Error throws when mandate type eMandate Payment and payment amount is greater than zero.**********
</p><br/>
<p>Status     : 200</p><br/>
<p>Response   : {"code":"PROP100","desc":"Proposal Accepted","errorMessage":null}</p><br/>
<p>*********************Set Policy Payment amt Zero.**********************************</p><br/>
<p>*********************Payment initiate.**********************************</p><br/>
<p>status code   :400</p><br/>
<p>Initiate Payment response body	: {"status":"FAILED","errors":[{"code":null,"message":"E-mandate amount should be INR 0."}]}</p><br/>
</div>
</td>
<td></td>
<td>37</td>
<td>StandardPayinPolicies.Rider@2b48a640</td></tr>
<tr>
<td title='StandardPayinPolicies.Rider.verifyRequestAmountCannotZeroForCCSIMandateTypeSP()'><b>verifyRequestAmountCannotZeroForCCSIMandateTypeSP</b><br>Test class: StandardPayinPolicies.Rider<br>Test method: TC to verify request amount can not be zero other than eMandate Payment, error thrown.<br/>
<a href="#Output-1991031396" onClick='toggleBox("Output-1991031396", this, "Show output", "Hide output");'>Show output</a>

<a href="#Output-1991031396" onClick="toggleAllBoxes();">Show all outputs</a>
<div class='log' id="Output-1991031396">
<p>
******** Test Scenario  :  Verify Error throws when mandate type other than eMandate Payment and payment amount is zero.**********
</p><br/>
<p>Status     : 200</p><br/>
<p>Response   : {"code":"PROP100","desc":"Proposal Accepted","errorMessage":null}</p><br/>
<p>*********************Set Policy Payment amt Zero.**********************************</p><br/>
<p>*********************Payment initiate.**********************************</p><br/>
<p>status code   :400</p><br/>
<p>Initiate Payment response body	: {"status":"FAILED","errors":[{"code":"SPG402","message":"Payment amount should be greater than INR 0."}]}</p><br/>
</div>
</td>
<td></td>
<td>37</td>
<td>StandardPayinPolicies.Rider@2b48a640</td></tr>
<tr>
<td title='StandardPayinPolicies.Rider.verifyRequestAmountCannotZeroForCCSIMandateTypeSR()'><b>verifyRequestAmountCannotZeroForCCSIMandateTypeSR</b><br>Test class: StandardPayinPolicies.Rider<br>Test method: TC to verify request amount can not be zero other than eMandate Payment, error thrown.<br/>
<a href="#Output-1417882329" onClick='toggleBox("Output-1417882329", this, "Show output", "Hide output");'>Show output</a>

<a href="#Output-1417882329" onClick="toggleAllBoxes();">Show all outputs</a>
<div class='log' id="Output-1417882329">
<p>
******** Test Scenario  :  Verify Error throws when mandate type other than eMandate Payment and payment amount is zero.**********
</p><br/>
<p>Status     : 200</p><br/>
<p>Response   : {"code":"PROP100","desc":"Proposal Accepted","errorMessage":null}</p><br/>
<p>*********************Set Policy Payment amt Zero.**********************************</p><br/>
<p>*********************Payment initiate.**********************************</p><br/>
<p>status code   :400</p><br/>
<p>Initiate Payment response body	: {"status":"FAILED","errors":[{"code":"SPG402","message":"Payment amount should be greater than INR 0."}]}</p><br/>
</div>
</td>
<td></td>
<td>37</td>
<td>StandardPayinPolicies.Rider@2b48a640</td></tr>
<tr>
<td title='StandardPayinPolicies.Rider.verifyVendorCodeNotEmptySP()'><b>verifyVendorCodeNotEmptySP</b><br>Test class: StandardPayinPolicies.Rider<br>Test method: TC to verify Error throws when Vendor Code is Empty.<br/>
<a href="#Output-23277216" onClick='toggleBox("Output-23277216", this, "Show output", "Hide output");'>Show output</a>

<a href="#Output-23277216" onClick="toggleAllBoxes();">Show all outputs</a>
<div class='log' id="Output-23277216">
<p>
******** Test Scenario  :  Verify Error throws when Vendor Code is Empty.**********
</p><br/>
<p>Status     : 200</p><br/>
<p>Response   : {"code":"PROP100","desc":"Proposal Accepted","errorMessage":null}</p><br/>
<p>*********************Get Policy Payment amt for NB.**********************************</p><br/>
<p>
***** To get installment Premium from getNBQuotation API method Started *****
</p><br/>
<p>Amount to pay : 566.0</p><br/>
<p>
 installment Premium Returned *****
</p><br/>
<p>*********************Payment initiate.**********************************</p><br/>
<p>status code   :400</p><br/>
<p>Initiate Payment response body	: {"status":"FAILED","errors":[{"code":"SPG402","message":"Provided vendor code is not available"}]}</p><br/>
</div>
</td>
<td></td>
<td>43</td>
<td>StandardPayinPolicies.Rider@2b48a640</td></tr>
<tr>
<td title='StandardPayinPolicies.Rider.verifyVendorCodeNotEmptySR()'><b>verifyVendorCodeNotEmptySR</b><br>Test class: StandardPayinPolicies.Rider<br>Test method: TC to verify Error throws when Vendor Code is Empty.<br/>
<a href="#Output-1428475041" onClick='toggleBox("Output-1428475041", this, "Show output", "Hide output");'>Show output</a>

<a href="#Output-1428475041" onClick="toggleAllBoxes();">Show all outputs</a>
<div class='log' id="Output-1428475041">
<p>
******** Test Scenario  :  Verify Error throws when Vendor Code is Empty.**********
</p><br/>
<p>Status     : 200</p><br/>
<p>Response   : {"code":"PROP100","desc":"Proposal Accepted","errorMessage":null}</p><br/>
<p>*********************Get Policy Payment amt for NB.**********************************</p><br/>
<p>
***** To get installment Premium from getNBQuotation API method Started *****
</p><br/>
<p>Amount to pay : 591.0</p><br/>
<p>
 installment Premium Returned *****
</p><br/>
<p>*********************Payment initiate.**********************************</p><br/>
<p>status code   :400</p><br/>
<p>Initiate Payment response body	: {"status":"FAILED","errors":[{"code":"SPG402","message":"Provided vendor code is not available"}]}</p><br/>
</div>
</td>
<td></td>
<td>46</td>
<td>StandardPayinPolicies.Rider@2b48a640</td></tr>
</table><p>
<table width='100%' border='1' class='invocation-skipped'>
<tr><td colspan='4' align='center'><b>SKIPPED TESTS</b></td></tr>
<tr><td><b>Test method</b></td>
<td width="30%"><b>Exception</b></td>
<td width="10%"><b>Time (seconds)</b></td>
<td><b>Instance</b></td>
</tr>
<tr>
<td title='StandardPayinPolicies.Rider.verifyPaymentEventsRazorpaySR()'><b>verifyPaymentEventsRazorpaySR</b><br>Test class: StandardPayinPolicies.Rider<br>Test method: TC - To verify dynamodb events for Razorpay Payin</td>
<td><div><pre>java.lang.Throwable: Method Rider.verifyPaymentEventsRazorpaySR()[pri:8, instance:StandardPayinPolicies.Rider@2b48a640] depends on not successfully finished methods
	at org.testng.internal.TestInvoker.invokeTestMethods(TestInvoker.java:102)
	at org.testng.internal.TestMethodWorker.invokeTestMethods(TestMethodWorker.java:146)
	at org.testng.internal.TestMethodWorker.run(TestMethodWorker.java:128)
	at java.base/java.util.ArrayList.forEach(ArrayList.java:1511)
	at org.testng.TestRunner.privateRun(TestRunner.java:764)
	at org.testng.TestRunner.run(TestRunner.java:585)
	at org.testng.SuiteRunner.runTest(SuiteRunner.java:384)
	at org.testng.SuiteRunner.runSequentially(SuiteRunner.java:378)
	at org.testng.SuiteRunner.privateRun(SuiteRunner.java:337)
	at org.testng.SuiteRunner.run(SuiteRunner.java:286)
	at org.testng.SuiteRunnerWorker.runSuite(SuiteRunnerWorker.java:53)
	at org.testng.SuiteRunnerWorker.run(SuiteRunnerWorker.java:96)
	at org.testng.TestNG.runSuitesSequentially(TestNG.java:1218)
	at org.testng.TestNG.runSuitesLocally(TestNG.java:1140)
	at org.testng.TestNG.runSuites(TestNG.java:1069)
	at org.testng.TestNG.run(TestNG.java:1037)
	at org.testng.remote.AbstractRemoteTestNG.run(AbstractRemoteTestNG.java:115)
	at org.testng.remote.RemoteTestNG.initAndRun(RemoteTestNG.java:251)
	at org.testng.remote.RemoteTestNG.main(RemoteTestNG.java:77)
</pre></div><a href='#' onClick='toggleBox("stack-trace443934570", this, "Click to show all stack frames", "Click to hide stack frames")'>Click to show all stack frames</a>
<div class='stack-trace' id='stack-trace443934570'><pre>java.lang.Throwable: Method Rider.verifyPaymentEventsRazorpaySR()[pri:8, instance:StandardPayinPolicies.Rider@2b48a640] depends on not successfully finished methods
	at org.testng.internal.TestInvoker.invokeTestMethods(TestInvoker.java:102)
	at org.testng.internal.TestMethodWorker.invokeTestMethods(TestMethodWorker.java:146)
	at org.testng.internal.TestMethodWorker.run(TestMethodWorker.java:128)
	at java.base/java.util.ArrayList.forEach(ArrayList.java:1511)
	at org.testng.TestRunner.privateRun(TestRunner.java:764)
	at org.testng.TestRunner.run(TestRunner.java:585)
	at org.testng.SuiteRunner.runTest(SuiteRunner.java:384)
	at org.testng.SuiteRunner.runSequentially(SuiteRunner.java:378)
	at org.testng.SuiteRunner.privateRun(SuiteRunner.java:337)
	at org.testng.SuiteRunner.run(SuiteRunner.java:286)
	at org.testng.SuiteRunnerWorker.runSuite(SuiteRunnerWorker.java:53)
	at org.testng.SuiteRunnerWorker.run(SuiteRunnerWorker.java:96)
	at org.testng.TestNG.runSuitesSequentially(TestNG.java:1218)
	at org.testng.TestNG.runSuitesLocally(TestNG.java:1140)
	at org.testng.TestNG.runSuites(TestNG.java:1069)
	at org.testng.TestNG.run(TestNG.java:1037)
	at org.testng.remote.AbstractRemoteTestNG.run(AbstractRemoteTestNG.java:115)
	at org.testng.remote.RemoteTestNG.initAndRun(RemoteTestNG.java:251)
	at org.testng.remote.RemoteTestNG.main(RemoteTestNG.java:77)
</pre></div></td>
<td>0</td>
<td>StandardPayinPolicies.Rider@2b48a640</td></tr>
</table><p>
</body>
</html>