<?xml version="1.0" encoding="UTF-8"?>
<!-- Generated by org.testng.reporters.JUnitXMLReporter -->
<testsuite hostname="DESKTOP-V4IQKIM" ignored="2" name="Default test" tests="4" failures="0" timestamp="21 Mar 2020 20:02:20 GMT" time="1.14" errors="0">
  <testcase name="@BeforeMethod PreCondition" time="0.0" classname="com.acttime.generic.BaseLib">
    <failure type="org.testng.TestNGException" message="
Parameter &amp;apos;browser&amp;apos; is required by BeforeMethod on method PreCondition but has not been marked @Optional or defined
in C:\Windows\Temp\testng-eclipse-1506004489\testng-customsuite.xml">
      <![CDATA[org.testng.TestNGException: 
Parameter 'browser' is required by BeforeMethod on method PreCondition but has not been marked @Optional or defined
in C:\Windows\Temp\testng-eclipse-1506004489\testng-customsuite.xml
at org.testng.internal.Parameters.createParams(Parameters.java:290)
at org.testng.internal.Parameters.createParametersForMethod(Parameters.java:359)
at org.testng.internal.Parameters.createParameters(Parameters.java:620)
at org.testng.internal.Parameters.createConfigurationParameters(Parameters.java:190)
at org.testng.internal.Invoker.invokeConfigurations(Invoker.java:209)
at org.testng.internal.Invoker.invokeMethod(Invoker.java:523)
at org.testng.internal.Invoker.invokeTestMethod(Invoker.java:719)
at org.testng.internal.Invoker.invokeTestMethods(Invoker.java:989)
at org.testng.internal.TestMethodWorker.invokeTestMethods(TestMethodWorker.java:125)
at org.testng.internal.TestMethodWorker.run(TestMethodWorker.java:109)
at org.testng.TestRunner.privateRun(TestRunner.java:648)
at org.testng.TestRunner.run(TestRunner.java:505)
at org.testng.SuiteRunner.runTest(SuiteRunner.java:455)
at org.testng.SuiteRunner.runSequentially(SuiteRunner.java:450)
at org.testng.SuiteRunner.privateRun(SuiteRunner.java:415)
at org.testng.SuiteRunner.run(SuiteRunner.java:364)
at org.testng.SuiteRunnerWorker.runSuite(SuiteRunnerWorker.java:52)
at org.testng.SuiteRunnerWorker.run(SuiteRunnerWorker.java:84)
at org.testng.TestNG.runSuitesSequentially(TestNG.java:1208)
at org.testng.TestNG.runSuitesLocally(TestNG.java:1137)
at org.testng.TestNG.runSuites(TestNG.java:1049)
at org.testng.TestNG.run(TestNG.java:1017)
at org.testng.remote.AbstractRemoteTestNG.run(AbstractRemoteTestNG.java:114)
at org.testng.remote.RemoteTestNG.initAndRun(RemoteTestNG.java:251)
at org.testng.remote.RemoteTestNG.main(RemoteTestNG.java:77)
]]>
    </failure>
  </testcase> <!-- @BeforeMethod PreCondition -->
  <testcase name="@AfterMethod postCondition" time="0.0" classname="com.acttime.generic.BaseLib">
    <skipped/>
  </testcase> <!-- @AfterMethod postCondition -->
  <testcase name="@BeforeMethod PreCondition" time="0.0" classname="com.acttime.generic.BaseLib">
    <skipped/>
  </testcase> <!-- @BeforeMethod PreCondition -->
  <testcase name="@AfterMethod postCondition" time="0.0" classname="com.acttime.generic.BaseLib">
    <skipped/>
  </testcase> <!-- @AfterMethod postCondition -->
  <testcase name="@BeforeMethod PreCondition" time="0.0" classname="com.acttime.generic.BaseLib">
    <skipped/>
  </testcase> <!-- @BeforeMethod PreCondition -->
  <testcase name="@AfterMethod postCondition" time="0.0" classname="com.acttime.generic.BaseLib">
    <skipped/>
  </testcase> <!-- @AfterMethod postCondition -->
  <testcase name="createCustomer" time="0.0" classname="com.acttime.scripts.TaskTest">
    <skipped/>
  </testcase> <!-- createCustomer -->
  <testcase name="CreateProject" time="0.0" classname="com.acttime.scripts.TaskTest">
    <skipped/>
  </testcase> <!-- CreateProject -->
  <testcase name="CreateTask" time="0.0" classname="com.acttime.scripts.TaskTest">
    <skipped/>
  </testcase> <!-- CreateTask -->
  <testcase name="DeleteTask" time="0.0" classname="com.acttime.scripts.TaskTest">
    <skipped/>
  </testcase> <!-- DeleteTask -->
  <testcase name="DeleteCustomer" time="0.0" classname="com.acttime.scripts.TaskTest">
    <ignored/>
  </testcase> <!-- DeleteCustomer -->
  <testcase name="DeleteProject" time="0.0" classname="com.acttime.scripts.TaskTest">
    <ignored/>
  </testcase> <!-- DeleteProject -->
</testsuite> <!-- Default test -->
