<?xml version="1.0" encoding="UTF-8"?>
<!-- Generated by org.testng.reporters.JUnitXMLReporter -->
<testsuite hostname="DESKTOP-V4IQKIM" ignored="0" name="LoginTest" tests="2" failures="0" timestamp="22 Feb 2020 11:12:13 GMT" time="0.296" errors="0">
  <testcase name="@BeforeMethod PreCondition" time="0.0" classname="com.acttime.generic.BaseLib">
    <failure type="org.testng.TestNGException" message="
Parameter &amp;apos;browser&amp;apos; is required by BeforeMethod on method PreCondition but has not been marked @Optional or defined
in F:\ws\actitime\LoginTest.xml">
      <![CDATA[org.testng.TestNGException: 
Parameter 'browser' is required by BeforeMethod on method PreCondition but has not been marked @Optional or defined
in F:\ws\actitime\LoginTest.xml
... Removed 25 stack frames]]>
    </failure>
  </testcase> <!-- @BeforeMethod PreCondition -->
  <testcase name="@AfterMethod postCondition" time="0.0" classname="com.acttime.generic.BaseLib">
    <skipped/>
  </testcase> <!-- @AfterMethod postCondition -->
  <testcase name="@BeforeMethod PreCondition" time="0.0" classname="com.acttime.generic.BaseLib">
    <skipped/>
  </testcase> <!-- @BeforeMethod PreCondition -->
  <testcase name="@AfterMethod postCondition" time="0.0" classname="com.acttime.generic.BaseLib">
    <skipped/>
  </testcase> <!-- @AfterMethod postCondition -->
  <testcase name="validLogin" time="0.0" classname="com.acttime.scripts.LoginTest">
    <skipped/>
  </testcase> <!-- validLogin -->
  <testcase name="invalidLogin" time="0.0" classname="com.acttime.scripts.LoginTest">
    <skipped/>
  </testcase> <!-- invalidLogin -->
</testsuite> <!-- LoginTest -->
